\BOOKMARK [1][-]{section.1}{\376\377\000M\000i\000s\000c}{}% 1
\BOOKMARK [2][-]{subsection.1.1}{\376\377\000O\000r\000d\000e\000r\000e\000d\000\040\000S\000e\000t}{section.1}% 2
\BOOKMARK [2][-]{subsection.1.2}{\376\377\000S\000a\000f\000e\000\040\000M\000a\000p}{section.1}% 3
\BOOKMARK [2][-]{subsection.1.3}{\376\377\000R\000a\000n\000d}{section.1}% 4
\BOOKMARK [2][-]{subsection.1.4}{\376\377\000T\000e\000m\000p\000l\000a\000t\000e}{section.1}% 5
\BOOKMARK [2][-]{subsection.1.5}{\376\377\000B\000i\000t\000w\000i\000s\000e}{section.1}% 6
\BOOKMARK [2][-]{subsection.1.6}{\376\377\000S\000u\000b\000m\000a\000s\000k}{section.1}% 7
\BOOKMARK [2][-]{subsection.1.7}{\376\377\000T\000r\000i\000e\000\040\000B\000i\000t\000s}{section.1}% 8
\BOOKMARK [1][-]{section.2}{\376\377\000G\000r\000a\000f\000o\000s}{}% 9
\BOOKMARK [2][-]{subsection.2.1}{\376\377\000M\000c\000m\000f}{section.2}% 10
\BOOKMARK [2][-]{subsection.2.2}{\376\377\000H\000l\000d\000\040\000A\000r\000e\000s\000t\000a}{section.2}% 11
\BOOKMARK [2][-]{subsection.2.3}{\376\377\000K\000o\000s\000a\000r\000a\000j\000u}{section.2}% 12
\BOOKMARK [2][-]{subsection.2.4}{\376\377\000M\000c\000m\000f\000\040\000B\000o\000m}{section.2}% 13
\BOOKMARK [2][-]{subsection.2.5}{\376\377\0002\000s\000a\000t}{section.2}% 14
\BOOKMARK [2][-]{subsection.2.6}{\376\377\000D\000o\000m\000i\000n\000a\000t\000o\000r\000\040\000T\000r\000e\000e}{section.2}% 15
\BOOKMARK [2][-]{subsection.2.7}{\376\377\000D\000i\000n\000i\000c}{section.2}% 16
\BOOKMARK [2][-]{subsection.2.8}{\376\377\000H\000u\000n\000g\000a\000r\000i\000a\000n}{section.2}% 17
\BOOKMARK [2][-]{subsection.2.9}{\376\377\000H\000l\000d\000\040\000V\000e\000r\000t\000i\000c\000e}{section.2}% 18
\BOOKMARK [2][-]{subsection.2.10}{\376\377\000C\000e\000n\000t\000r\000o\000i\000d\000\040\000D\000e\000c\000o\000m\000p}{section.2}% 19
\BOOKMARK [2][-]{subsection.2.11}{\376\377\000M\000c\000m\000f\000\040\000Q\000u\000i\000r\000i\000n\000o}{section.2}% 20
\BOOKMARK [2][-]{subsection.2.12}{\376\377\000L\000c\000a}{section.2}% 21
\BOOKMARK [2][-]{subsection.2.13}{\376\377\000F\000l\000o\000y\000d\000\040\000W\000a\000r\000s\000h\000a\000l\000l}{section.2}% 22
\BOOKMARK [2][-]{subsection.2.14}{\376\377\000D\000i\000j\000k\000s\000t\000r\000a}{section.2}% 23
\BOOKMARK [2][-]{subsection.2.15}{\376\377\000F\000o\000r\000d}{section.2}% 24
\BOOKMARK [2][-]{subsection.2.16}{\376\377\000B\000l\000o\000c\000k\000\040\000C\000u\000t\000\040\000T\000r\000e\000e}{section.2}% 25
\BOOKMARK [2][-]{subsection.2.17}{\376\377\000D\000f\000s\000\040\000T\000r\000e\000e}{section.2}% 26
\BOOKMARK [2][-]{subsection.2.18}{\376\377\000B\000f\000s\000\040\0000\0001}{section.2}% 27
\BOOKMARK [1][-]{section.3}{\376\377\000S\000t\000r\000i\000n\000g\000s}{}% 28
\BOOKMARK [2][-]{subsection.3.1}{\376\377\000S\000u\000f\000f\000i\000x\000\040\000A\000u\000t\000o\000m\000a\000t\000o\000n}{section.3}% 29
\BOOKMARK [2][-]{subsection.3.2}{\376\377\000A\000h\000o\000\040\000C\000o\000r\000a\000s\000i\000c\000k}{section.3}% 30
\BOOKMARK [2][-]{subsection.3.3}{\376\377\000E\000e\000r\000t\000r\000e\000e}{section.3}% 31
\BOOKMARK [2][-]{subsection.3.4}{\376\377\000S\000u\000f\000f\000i\000x\000\040\000A\000r\000r\000a\000y}{section.3}% 32
\BOOKMARK [2][-]{subsection.3.5}{\376\377\000T\000r\000i\000e}{section.3}% 33
\BOOKMARK [2][-]{subsection.3.6}{\376\377\000M\000a\000n\000a\000c\000h\000e\000r}{section.3}% 34
\BOOKMARK [2][-]{subsection.3.7}{\376\377\000S\000u\000f\000f\000i\000x\000\040\000A\000r\000r\000a\000y\000\040\000R\000a\000d\000i\000x}{section.3}% 35
\BOOKMARK [2][-]{subsection.3.8}{\376\377\000L\000c\000s}{section.3}% 36
\BOOKMARK [2][-]{subsection.3.9}{\376\377\000L\000c\000s\000u\000b\000s\000e\000q}{section.3}% 37
\BOOKMARK [2][-]{subsection.3.10}{\376\377\000Z\000\040\000F\000u\000n\000c}{section.3}% 38
\BOOKMARK [2][-]{subsection.3.11}{\376\377\000K\000m\000p}{section.3}% 39
\BOOKMARK [2][-]{subsection.3.12}{\376\377\000E\000d\000i\000t\000\040\000D\000i\000s\000t\000a\000n\000c\000e}{section.3}% 40
\BOOKMARK [2][-]{subsection.3.13}{\376\377\000H\000a\000s\000h}{section.3}% 41
\BOOKMARK [1][-]{section.4}{\376\377\000N\000u\000m\000e\000r\000i\000c}{}% 42
\BOOKMARK [2][-]{subsection.4.1}{\376\377\000N\000e\000w\000t\000o\000n\000\040\000R\000a\000p\000h\000s\000o\000n}{section.4}% 43
\BOOKMARK [2][-]{subsection.4.2}{\376\377\000S\000i\000m\000p\000s\000o\000n\000'\000s\000\040\000F\000o\000r\000m\000u\000l\000a}{section.4}% 44
\BOOKMARK [2][-]{subsection.4.3}{\376\377\000L\000a\000g\000r\000a\000n\000g\000e\000\040\000I\000n\000t\000e\000r\000p\000o\000l\000a\000t\000i\000o\000n}{section.4}% 45
\BOOKMARK [1][-]{section.5}{\376\377\000M\000a\000t\000h}{}% 46
\BOOKMARK [2][-]{subsection.5.1}{\376\377\000R\000a\000i\000z\000\040\000P\000r\000i\000m\000i\000t\000i\000v\000a}{section.5}% 47
\BOOKMARK [2][-]{subsection.5.2}{\376\377\000F\000f\000t\000\040\000M\000o\000d\000\040\000T\000f\000g}{section.5}% 48
\BOOKMARK [2][-]{subsection.5.3}{\376\377\000P\000o\000l\000y}{section.5}% 49
\BOOKMARK [2][-]{subsection.5.4}{\376\377\000G\000a\000u\000s\000s\000x\000o\000r}{section.5}% 50
\BOOKMARK [2][-]{subsection.5.5}{\376\377\000C\000r\000t}{section.5}% 51
\BOOKMARK [2][-]{subsection.5.6}{\376\377\000B\000e\000r\000l\000e\000k\000a\000m\000p\000\040\000M\000a\000s\000s\000e\000y}{section.5}% 52
\BOOKMARK [2][-]{subsection.5.7}{\376\377\000F\000f\000t\000\040\000T\000o\000u\000r\000i\000s\000t}{section.5}% 53
\BOOKMARK [2][-]{subsection.5.8}{\376\377\000M\000o\000b\000i\000u\000s}{section.5}% 54
\BOOKMARK [2][-]{subsection.5.9}{\376\377\000M\000u\000l\000m\000o\000d}{section.5}% 55
\BOOKMARK [2][-]{subsection.5.10}{\376\377\000I\000n\000v\000e\000r\000s\000o\000\040\000M\000u\000l\000t}{section.5}% 56
\BOOKMARK [2][-]{subsection.5.11}{\376\377\000R\000a\000n\000d\000o\000m\000m\000o\000d}{section.5}% 57
\BOOKMARK [2][-]{subsection.5.12}{\376\377\000M\000i\000l\000l\000e\000r\000\040\000H\000a\000b\000i\000n}{section.5}% 58
\BOOKMARK [2][-]{subsection.5.13}{\376\377\000M\000i\000n\000t}{section.5}% 59
\BOOKMARK [2][-]{subsection.5.14}{\376\377\000P\000r\000i\000m\000i\000t\000i\000v\000e\000r\000o\000o\000t}{section.5}% 60
\BOOKMARK [2][-]{subsection.5.15}{\376\377\000B\000i\000g\000m\000o\000d}{section.5}% 61
\BOOKMARK [2][-]{subsection.5.16}{\376\377\000P\000o\000l\000l\000a\000r\000d\000\040\000R\000h\000o}{section.5}% 62
\BOOKMARK [2][-]{subsection.5.17}{\376\377\000F\000w\000h\000t}{section.5}% 63
\BOOKMARK [2][-]{subsection.5.18}{\376\377\000M\000a\000t\000r\000i\000x\000\040\000E\000x\000p\000o\000n\000e\000n\000t\000i\000a\000t\000i\000o\000n}{section.5}% 64
\BOOKMARK [2][-]{subsection.5.19}{\376\377\000D\000i\000v\000i\000s\000i\000o\000n\000\040\000T\000r\000i\000c\000k}{section.5}% 65
\BOOKMARK [2][-]{subsection.5.20}{\376\377\000L\000i\000n\000e\000a\000r\000\040\000D\000i\000o\000p\000h\000a\000n\000t\000i\000n\000e\000\040\000E\000q\000u\000a\000t\000i\000o\000n}{section.5}% 66
\BOOKMARK [2][-]{subsection.5.21}{\376\377\000T\000o\000t\000i\000e\000n\000t}{section.5}% 67
\BOOKMARK [2][-]{subsection.5.22}{\376\377\000K\000i\000t\000a\000m\000a\000s\000a}{section.5}% 68
\BOOKMARK [2][-]{subsection.5.23}{\376\377\000F\000r\000a\000c}{section.5}% 69
\BOOKMARK [2][-]{subsection.5.24}{\376\377\000F\000f\000t\000\040\000S\000i\000m\000p\000l\000e}{section.5}% 70
\BOOKMARK [1][-]{section.6}{\376\377\000G\000e\000o\000m\000e\000t\000r\000i\000a}{}% 71
\BOOKMARK [2][-]{subsection.6.1}{\376\377\000I\000n\000s\000i\000d\000e\000\040\000P\000o\000l\000y\000g\000o\000n}{section.6}% 72
\BOOKMARK [2][-]{subsection.6.2}{\376\377\000S\000o\000r\000t\000\040\000B\000y\000\040\000A\000n\000g\000l\000e}{section.6}% 73
\BOOKMARK [2][-]{subsection.6.3}{\376\377\000K\000d\000t\000r\000e\000e}{section.6}% 74
\BOOKMARK [2][-]{subsection.6.4}{\376\377\000I\000n\000t\000e\000r\000s\000e\000c\000t\000\040\000P\000o\000l\000y\000g\000o\000n}{section.6}% 75
\BOOKMARK [2][-]{subsection.6.5}{\376\377\000M\000i\000n\000d\000i\000s\000t\000p\000a\000i\000r}{section.6}% 76
\BOOKMARK [2][-]{subsection.6.6}{\376\377\000N\000u\000m\000i\000n\000t\000e\000r\000s\000e\000c\000t\000i\000o\000n\000l\000i\000n\000e}{section.6}% 77
\BOOKMARK [2][-]{subsection.6.7}{\376\377\000C\000o\000n\000v\000e\000x\000\040\000H\000u\000l\000l}{section.6}% 78
\BOOKMARK [2][-]{subsection.6.8}{\376\377\000V\000o\000r\000o\000n\000o\000i}{section.6}% 79
\BOOKMARK [2][-]{subsection.6.9}{\376\377\000T\000e\000t\000r\000a\000h\000e\000d\000r\000o\000n\000\040\000D\000i\000s\000t\000a\000n\000c\000e\0003\000d}{section.6}% 80
\BOOKMARK [2][-]{subsection.6.10}{\376\377\0003\000d}{section.6}% 81
\BOOKMARK [2][-]{subsection.6.11}{\376\377\000L\000i\000n\000e\000a\000r\000\040\000T\000r\000a\000n\000s\000f\000o\000r\000m\000a\000t\000i\000o\000n}{section.6}% 82
\BOOKMARK [2][-]{subsection.6.12}{\376\377\000R\000o\000t\000a\000t\000i\000n\000g\000\040\000C\000a\000l\000l\000i\000p\000e\000r\000s}{section.6}% 83
\BOOKMARK [2][-]{subsection.6.13}{\376\377\000H\000a\000l\000f\000p\000l\000a\000n\000e\000\040\000I\000n\000t\000e\000r}{section.6}% 84
\BOOKMARK [2][-]{subsection.6.14}{\376\377\0002\000d}{section.6}% 85
\BOOKMARK [2][-]{subsection.6.15}{\376\377\000L\000i\000c\000h\000a\000o}{section.6}% 86
\BOOKMARK [2][-]{subsection.6.16}{\376\377\000P\000o\000l\000y\000g\000o\000n\000\040\000C\000u\000t\000\040\000L\000e\000n\000g\000t\000h}{section.6}% 87
\BOOKMARK [2][-]{subsection.6.17}{\376\377\000P\000o\000l\000y\000g\000o\000n\000\040\000D\000i\000a\000m\000e\000t\000e\000r}{section.6}% 88
\BOOKMARK [2][-]{subsection.6.18}{\376\377\000M\000i\000n\000k\000o\000w\000s\000k\000i\000\040\000S\000u\000m}{section.6}% 89
\BOOKMARK [2][-]{subsection.6.19}{\376\377\000D\000e\000l\000a\000u\000n\000a\000y}{section.6}% 90
\BOOKMARK [1][-]{section.7}{\376\377\000E\000D}{}% 91
\BOOKMARK [2][-]{subsection.7.1}{\376\377\000S\000p\000a\000r\000s\000e\000\040\000T\000a\000b\000l\000e}{section.7}% 92
\BOOKMARK [2][-]{subsection.7.2}{\376\377\000B\000i\000t}{section.7}% 93
\BOOKMARK [2][-]{subsection.7.3}{\376\377\000M\000e\000r\000g\000e\000s\000o\000r\000t\000t\000r\000e\000e}{section.7}% 94
\BOOKMARK [2][-]{subsection.7.4}{\376\377\000T\000r\000e\000a\000p}{section.7}% 95
\BOOKMARK [2][-]{subsection.7.5}{\376\377\000S\000e\000g\000t\000r\000e\000e\000\040\000I\000m\000p\000l\000i\000c\000i\000t\000a}{section.7}% 96
\BOOKMARK [2][-]{subsection.7.6}{\376\377\000S\000e\000g\000t\000r\000e\000e\000\040\000P\000e\000r\000s\000i\000s\000t\000e\000n\000t}{section.7}% 97
\BOOKMARK [2][-]{subsection.7.7}{\376\377\000S\000e\000g\000t\000r\000e\000e\000\040\000P\000a}{section.7}% 98
\BOOKMARK [2][-]{subsection.7.8}{\376\377\000S\000e\000g\000t\000r\000e\000e\000\040\000I\000t\000e\000r\000a\000t\000i\000v\000e}{section.7}% 99
\BOOKMARK [2][-]{subsection.7.9}{\376\377\000S\000e\000g\000t\000r\000e\000e\000\040\000I\000m\000p\000l\000i\000c\000i\000t\000a\000\040\000L\000a\000z\000y}{section.7}% 100
\BOOKMARK [2][-]{subsection.7.10}{\376\377\000S\000e\000g\000t\000r\000e\000e\000\040\000M\000a\000x\000s\000u\000b\000a\000r\000r\000a\000y}{section.7}% 101
\BOOKMARK [2][-]{subsection.7.11}{\376\377\000S\000e\000g\000t\000r\000e\000e\000\040\000R\000e\000c\000u\000r\000s\000i\000v\000e}{section.7}% 102
\BOOKMARK [2][-]{subsection.7.12}{\376\377\000B\000i\000t\000\040\000K\000t\000h}{section.7}% 103
\BOOKMARK [2][-]{subsection.7.13}{\376\377\000D\000s\000u}{section.7}% 104
\BOOKMARK [2][-]{subsection.7.14}{\376\377\000B\000i\000t\000\040\0002\000d}{section.7}% 105
\BOOKMARK [2][-]{subsection.7.15}{\376\377\000M\000i\000n\000q\000u\000e\000u\000e}{section.7}% 106
\BOOKMARK [2][-]{subsection.7.16}{\376\377\000C\000o\000l\000o\000r\000\040\000U\000p\000d\000a\000t\000e}{section.7}% 107
\BOOKMARK [2][-]{subsection.7.17}{\376\377\000M\000o}{section.7}% 108
\BOOKMARK [2][-]{subsection.7.18}{\376\377\000P\000r\000e\000f\000i\000x\000s\000u\000m\0002\000d}{section.7}% 109
\BOOKMARK [2][-]{subsection.7.19}{\376\377\000D\000s\000u\000\040\000Q\000u\000e\000u\000e}{section.7}% 110
\BOOKMARK [2][-]{subsection.7.20}{\376\377\000C\000h\000t}{section.7}% 111
\BOOKMARK [2][-]{subsection.7.21}{\376\377\000D\000e\000l\000t\000a\000\040\000E\000n\000c\000o\000d\000i\000n\000g}{section.7}% 112
\BOOKMARK [2][-]{subsection.7.22}{\376\377\000V\000i\000r\000t\000u\000a\000l\000\040\000T\000r\000e\000e}{section.7}% 113
\BOOKMARK [1][-]{section.8}{\376\377\000A\000l\000g\000o\000r\000i\000t\000m\000o\000s}{}% 114
\BOOKMARK [2][-]{subsection.8.1}{\376\377\000M\000s\000t\000\040\000X\000o\000r}{section.8}% 115
\BOOKMARK [2][-]{subsection.8.2}{\376\377\000T\000e\000r\000n\000a\000r\000y\000\040\000S\000e\000a\000r\000c\000h}{section.8}% 116
\BOOKMARK [2][-]{subsection.8.3}{\376\377\000C\000d\000q}{section.8}% 117
\BOOKMARK [2][-]{subsection.8.4}{\376\377\000H\000i\000s\000t\000o\000g\000r\000a\000m\000\040\000R\000e\000c\000t\000a\000n\000g\000l\000e}{section.8}% 118
\BOOKMARK [1][-]{section.9}{\376\377\000D\000P}{}% 119
\BOOKMARK [2][-]{subsection.9.1}{\376\377\000L\000a\000r\000g\000e\000s\000t\000\040\000K\000s\000u\000b\000m\000a\000t\000r\000i\000x}{section.9}% 120
\BOOKMARK [2][-]{subsection.9.2}{\376\377\000A\000l\000i\000e\000n\000s}{section.9}% 121
\BOOKMARK [2][-]{subsection.9.3}{\376\377\000P\000a\000r\000t\000i\000t\000i\000o\000n\000\040\000P\000r\000o\000b\000l\000e\000m}{section.9}% 122
\BOOKMARK [2][-]{subsection.9.4}{\376\377\000U\000n\000b\000o\000u\000n\000d\000e\000d\000\040\000K\000n\000a\000p\000s\000a\000c\000k}{section.9}% 123
\BOOKMARK [2][-]{subsection.9.5}{\376\377\000D\000p\000\040\000D\000i\000g\000i\000t\000o\000s}{section.9}% 124
\BOOKMARK [2][-]{subsection.9.6}{\376\377\000K\000n\000u\000t\000h}{section.9}% 125
\BOOKMARK [2][-]{subsection.9.7}{\376\377\000D\000i\000v\000i\000d\000e\000\040\000C\000o\000n\000q\000u\000e\000r}{section.9}% 126
\BOOKMARK [2][-]{subsection.9.8}{\376\377\000L\000i\000s}{section.9}% 127
